Determining compilation order of HDL files
Analyzing Verilog file reg64.v
Analyzing Verilog file reg2.v
Analyzing Verilog file m4_64b.v
Analyzing Verilog file decode2b.vf
Analyzing Verilog file reg_file.vf
Analyzing Verilog file MEMWBStageReg.vf
Analyzing Verilog file I_Mem.v
Analyzing Verilog file IntStageReg.vf
Analyzing Verilog file IFISReg.vf
Analyzing Verilog file D_Mem.v
Analyzing Verilog file PipelinedDatapath.vf
Analyzing Verilog file pipeline_tb.ant
Analyzing Verilog file C:/Xilinx/10.1/ISE/verilog/src/glbl.v
Saving Verilog parse-tree work.reg64 into z:/lab/lab5/isim/work/reg64.sdb
Saving Verilog parse-tree work.reg2 into z:/lab/lab5/isim/work/reg2.sdb
Saving Verilog parse-tree work.m4_64b into z:/lab/lab5/isim/work/m4_64b.sdb
Saving Verilog parse-tree work.decode2b into z:/lab/lab5/isim/work/decode2b.sdb
Saving Verilog parse-tree work.reg_file into z:/lab/lab5/isim/work/reg_file.sdb
Saving Verilog parse-tree work.MEMWBStageReg into
z:/lab/lab5/isim/work/@m@e@m@w@b@stage@reg.sdb
Saving Verilog parse-tree work.I_Mem into z:/lab/lab5/isim/work/@i_@mem.sdb
Saving Verilog parse-tree work.IntStageReg into
z:/lab/lab5/isim/work/@int@stage@reg.sdb
Saving Verilog parse-tree work.FD16CE_MXILINX_IFISReg into
z:/lab/lab5/isim/work/@f@d16@c@e_@m@x@i@l@i@n@x_@i@f@i@s@reg.sdb
Saving Verilog parse-tree work.IFISReg into
z:/lab/lab5/isim/work/@i@f@i@s@reg.sdb
Saving Verilog parse-tree work.D_Mem into z:/lab/lab5/isim/work/@d_@mem.sdb
Saving Verilog parse-tree work.FTCE_MXILINX_PipelinedDatapath into
z:/lab/lab5/isim/work/@f@t@c@e_@m@x@i@l@i@n@x_@pipelined@datapath.sdb
Saving Verilog parse-tree work.CB8CE_MXILINX_PipelinedDatapath into
z:/lab/lab5/isim/work/@c@b8@c@e_@m@x@i@l@i@n@x_@pipelined@datapath.sdb
Saving Verilog parse-tree work.PipelinedDatapath into
z:/lab/lab5/isim/work/@pipelined@datapath.sdb
Saving Verilog parse-tree work.pipeline_tb into
z:/lab/lab5/isim/work/pipeline_tb.sdb
Saving Verilog parse-tree work.glbl into z:/lab/lab5/isim/work/glbl.sdb
Starting static elaboration
Restoring Verilog parse-tree unisims_ver.FDCE from
c:/xilinx/10.1/ise/verilog/hdp/nt/unisims_ver/unisims_ver.sdbl
Restoring Verilog parse-tree unisims_ver.GND from
c:/xilinx/10.1/ise/verilog/hdp/nt/unisims_ver/unisims_ver.sdbl
Restoring Verilog parse-tree unisims_ver.VCC from
c:/xilinx/10.1/ise/verilog/hdp/nt/unisims_ver/unisims_ver.sdbl
Restoring Verilog parse-tree unisims_ver.INV from
c:/xilinx/10.1/ise/verilog/hdp/nt/unisims_ver/unisims_ver.sdbl
Restoring Verilog parse-tree unisims_ver.AND2 from
c:/xilinx/10.1/ise/verilog/hdp/nt/unisims_ver/unisims_ver.sdbl
Restoring Verilog parse-tree unisims_ver.FD from
c:/xilinx/10.1/ise/verilog/hdp/nt/unisims_ver/unisims_ver.sdbl
Restoring Verilog parse-tree unisims_ver.XOR2 from
c:/xilinx/10.1/ise/verilog/hdp/nt/unisims_ver/unisims_ver.sdbl
Restoring Verilog parse-tree unisims_ver.AND5 from
c:/xilinx/10.1/ise/verilog/hdp/nt/unisims_ver/unisims_ver.sdbl
Restoring Verilog parse-tree unisims_ver.AND3 from
c:/xilinx/10.1/ise/verilog/hdp/nt/unisims_ver/unisims_ver.sdbl
Restoring Verilog parse-tree unisims_ver.AND4 from
c:/xilinx/10.1/ise/verilog/hdp/nt/unisims_ver/unisims_ver.sdbl
Restoring Verilog parse-tree xilinxcorelib_ver.BLK_MEM_GEN_V2_7 from
c:/xilinx/10.1/ise/verilog/hdp/nt/xilinxcorelib_ver/xilinxcorelib_ver.sdbl
Restoring Verilog parse-tree xilinxcorelib_ver.BLK_MEM_GEN_V2_7_output_stage
from c:/xilinx/10.1/ise/verilog/hdp/nt/xilinxcorelib_ver/xilinxcorelib_ver.sdbl
Completed static elaboration
Fuse Memory Usage: 55176 Kb
Fuse CPU Usage: 1281 ms
Compiling module glbl
Compiling module FDCE(INIT=1'b0)_0
Compiling module FDCE(INIT=1'b0)_1
Compiling module FDCE(INIT=1'b0)_2
Compiling module FDCE(INIT=1'b0)_3
Compiling module FDCE(INIT=1'b0)_4
Compiling module FDCE(INIT=1'b0)_5
Compiling module FDCE(INIT=1'b0)_6
Compiling module FDCE(INIT=1'b0)_7
Compiling module FDCE(INIT=1'b0)_8
Compiling module FDCE(INIT=1'b0)_9
Compiling module FDCE(INIT=1'b0)_10
Compiling module FDCE(INIT=1'b0)_11
Compiling module FDCE(INIT=1'b0)_12
Compiling module FDCE(INIT=1'b0)_13
Compiling module FDCE(INIT=1'b0)_14
Compiling module FDCE(INIT=1'b0)_15
Compiling module FDCE(INIT=1'b0)_16
Compiling module FDCE(INIT=1'b0)_17
Compiling module FDCE(INIT=1'b0)_18
Compiling module FDCE(INIT=1'b0)_19
Compiling module FDCE(INIT=1'b0)_20
Compiling module FDCE(INIT=1'b0)_21
Compiling module FDCE(INIT=1'b0)_22
Compiling module FDCE(INIT=1'b0)_23
Compiling module FD16CE_MXILINX_IFISReg
Compiling module GND
Compiling module VCC
Compiling module IFISReg
Compiling module reg64
Compiling module INV
Compiling module AND2
Compiling module decode2b
Compiling module m4_64b
Compiling module reg_file
Compiling module FD(INIT=1'b0)_0
Compiling module FD(INIT=1'b0)_1
Compiling module FD(INIT=1'b0)_2
Compiling module FD(INIT=1'b0)_3
Compiling module FD(INIT=1'b0)_4
Compiling module reg2
Compiling module IntStageReg
Compiling module IntStageReg_2
Compiling module MEMWBStageReg
Compiling module XOR2
Compiling module FTCE_MXILINX_PipelinedDatapath
Compiling module FTCE_MXILINX_PipelinedDatapath_2
Compiling module FTCE_MXILINX_PipelinedDatapath_3
Compiling module FTCE_MXILINX_PipelinedDatapath_4
Compiling module FTCE_MXILINX_PipelinedDatapath_5
Compiling module FTCE_MXILINX_PipelinedDatapath_6
Compiling module FTCE_MXILINX_PipelinedDatapath_7
Compiling module FTCE_MXILINX_PipelinedDatapath_8
Compiling module AND5
Compiling module AND3
Compiling module AND4
Compiling module CB8CE_MXILINX_PipelinedDatapath
Compiling module BLK_MEM_GEN_V2_7_output_stage(C_...
Compiling module BLK_MEM_GEN_V2_7(C_ADDRA_WIDTH=8...
ERROR:Simulator:615 -
   "K:/IP0_K.14/env/Databases/ip/export/rtf/verilog/src/XilinxCoreLib/BLK_MEM_GE
   N_V2_7.v" Line 497. Argument given for file Identifier is not correct
